This file contains any messages produced by compilers while
running configure, to aid debugging if configure makes a mistake.

It was created by tokenizer configure 1.0, which was
generated by GNU Autoconf 2.60.  Invocation command line was

  $ ./configure 

## --------- ##
## Platform. ##
## --------- ##

hostname = Rickys-MBP.T-mobile.com
uname -m = x86_64
uname -r = 18.2.0
uname -s = Darwin
uname -v = Darwin Kernel Version 18.2.0: Mon Nov 12 20:24:46 PST 2018; root:xnu-4903.231.4~2/RELEASE_X86_64

/usr/bin/uname -p = i386
/bin/uname -X     = unknown

/bin/arch              = unknown
/usr/bin/arch -k       = unknown
/usr/convex/getsysinfo = unknown
/usr/bin/hostinfo      = Mach kernel version:
	 Darwin Kernel Version 18.2.0: Mon Nov 12 20:24:46 PST 2018; root:xnu-4903.231.4~2/RELEASE_X86_64
Kernel configured for up to 4 processors.
2 processors are physically available.
4 processors are logically available.
Processor type: x86_64h (Intel x86-64h Haswell)
Processors active: 0 1 2 3
Primary memory available: 16.00 gigabytes
Default processor set: 523 tasks, 2682 threads, 4 processors
Load average: 10.23, Mach factor: 1.39
/bin/machine           = unknown
/usr/bin/oslevel       = unknown
/bin/universe          = unknown

PATH: /Users/rickys/miniconda2/bin
PATH: /Users/rickys/googlecloud/google-cloud-sdk/bin
PATH: /sw/bin
PATH: /usr/local/bin
PATH: /usr/local/fsl/bin
PATH: /Applications/anaconda/bin
PATH: /usr/local/bin
PATH: /usr/bin
PATH: /bin
PATH: /usr/sbin
PATH: /sbin
PATH: /opt/X11/bin
PATH: /usr/local/git/bin
PATH: /Users/rickys/abin
PATH: /Users/rickys/antsbin/bin/
PATH: /Applications/mricron


## ----------- ##
## Core tests. ##
## ----------- ##

configure:1762: checking for a BSD-compatible install
configure:1818: result: /usr/local/bin/ginstall -c
configure:1829: checking whether build environment is sane
configure:1872: result: yes
configure:1937: checking for gawk
configure:1967: result: no
configure:1937: checking for mawk
configure:1967: result: no
configure:1937: checking for nawk
configure:1967: result: no
configure:1937: checking for awk
configure:1953: found /usr/bin/awk
configure:1964: result: awk
configure:1975: checking whether make sets $(MAKE)
configure:1996: result: yes
configure:2233: checking for gcc
configure:2249: found /usr/bin/gcc
configure:2260: result: gcc
configure:2498: checking for C compiler version
configure:2505: gcc --version >&5
Configured with: --prefix=/Applications/Xcode.app/Contents/Developer/usr --with-gxx-include-dir=/Applications/Xcode.app/Contents/Developer/Platforms/MacOSX.platform/Developer/SDKs/MacOSX10.12.sdk/usr/include/c++/4.2.1
Apple LLVM version 8.0.0 (clang-800.0.38)
Target: x86_64-apple-darwin18.2.0
Thread model: posix
InstalledDir: /Applications/Xcode.app/Contents/Developer/Toolchains/XcodeDefault.xctoolchain/usr/bin
configure:2508: $? = 0
configure:2515: gcc -v >&5
Configured with: --prefix=/Applications/Xcode.app/Contents/Developer/usr --with-gxx-include-dir=/Applications/Xcode.app/Contents/Developer/Platforms/MacOSX.platform/Developer/SDKs/MacOSX10.12.sdk/usr/include/c++/4.2.1
Apple LLVM version 8.0.0 (clang-800.0.38)
Target: x86_64-apple-darwin18.2.0
Thread model: posix
InstalledDir: /Applications/Xcode.app/Contents/Developer/Toolchains/XcodeDefault.xctoolchain/usr/bin
configure:2518: $? = 0
configure:2525: gcc -V >&5
clang: error: argument to '-V' is missing (expected 1 value)
clang: error: no input files
configure:2528: $? = 1
configure:2551: checking for C compiler default output file name
configure:2578: gcc    conftest.c  >&5
configure:2581: $? = 0
configure:2627: result: a.out
configure:2632: checking whether the C compiler works
configure:2642: ./a.out
configure:2645: $? = 0
configure:2662: result: yes
configure:2669: checking whether we are cross compiling
configure:2671: result: no
configure:2674: checking for suffix of executables
configure:2681: gcc -o conftest    conftest.c  >&5
configure:2684: $? = 0
configure:2708: result: 
configure:2714: checking for suffix of object files
configure:2740: gcc -c   conftest.c >&5
configure:2743: $? = 0
configure:2766: result: o
configure:2770: checking whether we are using the GNU C compiler
configure:2799: gcc -c   conftest.c >&5
configure:2805: $? = 0
configure:2812: test -z "$ac_c_werror_flag" || test ! -s conftest.err
configure:2815: $? = 0
configure:2822: test -s conftest.o
configure:2825: $? = 0
configure:2839: result: yes
configure:2844: checking whether gcc accepts -g
configure:2874: gcc -c -g  conftest.c >&5
configure:2880: $? = 0
configure:2887: test -z "$ac_c_werror_flag" || test ! -s conftest.err
configure:2890: $? = 0
configure:2897: test -s conftest.o
configure:2900: $? = 0
configure:3030: result: yes
configure:3047: checking for gcc option to accept ISO C89
configure:3121: gcc  -c -g -O2  conftest.c >&5
configure:3127: $? = 0
configure:3134: test -z "$ac_c_werror_flag" || test ! -s conftest.err
configure:3137: $? = 0
configure:3144: test -s conftest.o
configure:3147: $? = 0
configure:3167: result: none needed
configure:3196: checking for style of include used by make
configure:3224: result: GNU
configure:3252: checking dependency style of gcc
configure:3342: result: gcc3
configure:3364: checking for flex
configure:3380: found /usr/bin/flex
configure:3391: result: flex
configure:3405: checking for yywrap in -lfl
configure:3440: gcc -o conftest -g -O2   conftest.c -lfl   >&5
ld: library not found for -lfl
clang: error: linker command failed with exit code 1 (use -v to see invocation)
configure:3446: $? = 1
configure: failed program was:
| /* confdefs.h.  */
| #define PACKAGE_NAME "tokenizer"
| #define PACKAGE_TARNAME "tokenizer"
| #define PACKAGE_VERSION "1.0"
| #define PACKAGE_STRING "tokenizer 1.0"
| #define PACKAGE_BUGREPORT "wastl@cis.uni-muenchen.de"
| #define PACKAGE_AUTHOR "Sebastian Nagel"
| #define PACKAGE "tokenizer"
| #define VERSION "1.0"
| /* end confdefs.h.  */
| 
| /* Override any GCC internal prototype to avoid an error.
|    Use char because int might match the return type of a GCC
|    builtin and then its argument prototype would still apply.  */
| #ifdef __cplusplus
| extern "C"
| #endif
| char yywrap ();
| int
| main ()
| {
| return yywrap ();
|   ;
|   return 0;
| }
configure:3480: result: no
configure:3485: checking for yywrap in -ll
configure:3520: gcc -o conftest -g -O2   conftest.c -ll   >&5
configure:3526: $? = 0
configure:3533: test -z "$ac_c_werror_flag" || test ! -s conftest.err
configure:3536: $? = 0
configure:3543: test -s conftest
configure:3546: $? = 0
configure:3560: result: yes
configure:3571: checking lex output file root
configure:3587: flex conftest.l
configure:3590: $? = 0
configure:3602: result: lex.yy
configure:3607: checking whether yytext is a pointer
configure:3628: gcc -o conftest -g -O2   conftest.c  -ll >&5
configure:3634: $? = 0
configure:3641: test -z "$ac_c_werror_flag" || test ! -s conftest.err
configure:3644: $? = 0
configure:3651: test -s conftest
configure:3654: $? = 0
configure:3670: result: yes
configure:3687: checking for main in -lfl
configure:3716: gcc -o conftest -g -O2   conftest.c -lfl   >&5
ld: library not found for -lfl
clang: error: linker command failed with exit code 1 (use -v to see invocation)
configure:3722: $? = 1
configure: failed program was:
| /* confdefs.h.  */
| #define PACKAGE_NAME "tokenizer"
| #define PACKAGE_TARNAME "tokenizer"
| #define PACKAGE_VERSION "1.0"
| #define PACKAGE_STRING "tokenizer 1.0"
| #define PACKAGE_BUGREPORT "wastl@cis.uni-muenchen.de"
| #define PACKAGE_AUTHOR "Sebastian Nagel"
| #define PACKAGE "tokenizer"
| #define VERSION "1.0"
| #define YYTEXT_POINTER 1
| /* end confdefs.h.  */
| 
| 
| int
| main ()
| {
| return main ();
|   ;
|   return 0;
| }
configure:3756: result: no
configure:3774: checking how to run the C preprocessor
configure:3814: gcc -E  conftest.c
configure:3820: $? = 0
configure:3858: gcc -E  conftest.c
conftest.c:12:10: fatal error: 'ac_nonexistent.h' file not found
#include <ac_nonexistent.h>
         ^
1 error generated.
configure:3864: $? = 1
configure: failed program was:
| /* confdefs.h.  */
| #define PACKAGE_NAME "tokenizer"
| #define PACKAGE_TARNAME "tokenizer"
| #define PACKAGE_VERSION "1.0"
| #define PACKAGE_STRING "tokenizer 1.0"
| #define PACKAGE_BUGREPORT "wastl@cis.uni-muenchen.de"
| #define PACKAGE_AUTHOR "Sebastian Nagel"
| #define PACKAGE "tokenizer"
| #define VERSION "1.0"
| #define YYTEXT_POINTER 1
| /* end confdefs.h.  */
| #include <ac_nonexistent.h>
configure:3904: result: gcc -E
configure:3933: gcc -E  conftest.c
configure:3939: $? = 0
configure:3977: gcc -E  conftest.c
conftest.c:12:10: fatal error: 'ac_nonexistent.h' file not found
#include <ac_nonexistent.h>
         ^
1 error generated.
configure:3983: $? = 1
configure: failed program was:
| /* confdefs.h.  */
| #define PACKAGE_NAME "tokenizer"
| #define PACKAGE_TARNAME "tokenizer"
| #define PACKAGE_VERSION "1.0"
| #define PACKAGE_STRING "tokenizer 1.0"
| #define PACKAGE_BUGREPORT "wastl@cis.uni-muenchen.de"
| #define PACKAGE_AUTHOR "Sebastian Nagel"
| #define PACKAGE "tokenizer"
| #define VERSION "1.0"
| #define YYTEXT_POINTER 1
| /* end confdefs.h.  */
| #include <ac_nonexistent.h>
configure:4028: checking for grep that handles long lines and -e
configure:4102: result: /usr/bin/grep
configure:4107: checking for egrep
configure:4185: result: /usr/bin/grep -E
configure:4190: checking for ANSI C header files
configure:4220: gcc -c -g -O2  conftest.c >&5
configure:4226: $? = 0
configure:4233: test -z "$ac_c_werror_flag" || test ! -s conftest.err
configure:4236: $? = 0
configure:4243: test -s conftest.o
configure:4246: $? = 0
configure:4342: gcc -o conftest -g -O2   conftest.c  >&5
configure:4345: $? = 0
configure:4351: ./conftest
configure:4354: $? = 0
configure:4371: result: yes
configure:4395: checking for sys/types.h
configure:4416: gcc -c -g -O2  conftest.c >&5
configure:4422: $? = 0
configure:4429: test -z "$ac_c_werror_flag" || test ! -s conftest.err
configure:4432: $? = 0
configure:4439: test -s conftest.o
configure:4442: $? = 0
configure:4455: result: yes
configure:4395: checking for sys/stat.h
configure:4416: gcc -c -g -O2  conftest.c >&5
configure:4422: $? = 0
configure:4429: test -z "$ac_c_werror_flag" || test ! -s conftest.err
configure:4432: $? = 0
configure:4439: test -s conftest.o
configure:4442: $? = 0
configure:4455: result: yes
configure:4395: checking for stdlib.h
configure:4416: gcc -c -g -O2  conftest.c >&5
configure:4422: $? = 0
configure:4429: test -z "$ac_c_werror_flag" || test ! -s conftest.err
configure:4432: $? = 0
configure:4439: test -s conftest.o
configure:4442: $? = 0
configure:4455: result: yes
configure:4395: checking for string.h
configure:4416: gcc -c -g -O2  conftest.c >&5
configure:4422: $? = 0
configure:4429: test -z "$ac_c_werror_flag" || test ! -s conftest.err
configure:4432: $? = 0
configure:4439: test -s conftest.o
configure:4442: $? = 0
configure:4455: result: yes
configure:4395: checking for memory.h
configure:4416: gcc -c -g -O2  conftest.c >&5
configure:4422: $? = 0
configure:4429: test -z "$ac_c_werror_flag" || test ! -s conftest.err
configure:4432: $? = 0
configure:4439: test -s conftest.o
configure:4442: $? = 0
configure:4455: result: yes
configure:4395: checking for strings.h
configure:4416: gcc -c -g -O2  conftest.c >&5
configure:4422: $? = 0
configure:4429: test -z "$ac_c_werror_flag" || test ! -s conftest.err
configure:4432: $? = 0
configure:4439: test -s conftest.o
configure:4442: $? = 0
configure:4455: result: yes
configure:4395: checking for inttypes.h
configure:4416: gcc -c -g -O2  conftest.c >&5
configure:4422: $? = 0
configure:4429: test -z "$ac_c_werror_flag" || test ! -s conftest.err
configure:4432: $? = 0
configure:4439: test -s conftest.o
configure:4442: $? = 0
configure:4455: result: yes
configure:4395: checking for stdint.h
configure:4416: gcc -c -g -O2  conftest.c >&5
configure:4422: $? = 0
configure:4429: test -z "$ac_c_werror_flag" || test ! -s conftest.err
configure:4432: $? = 0
configure:4439: test -s conftest.o
configure:4442: $? = 0
configure:4455: result: yes
configure:4395: checking for unistd.h
configure:4416: gcc -c -g -O2  conftest.c >&5
configure:4422: $? = 0
configure:4429: test -z "$ac_c_werror_flag" || test ! -s conftest.err
configure:4432: $? = 0
configure:4439: test -s conftest.o
configure:4442: $? = 0
configure:4455: result: yes
configure:4474: checking for stdlib.h
configure:4480: result: yes
configure:4474: checking for string.h
configure:4480: result: yes
configure:4474: checking for unistd.h
configure:4480: result: yes
configure:4640: checking for inline
configure:4666: gcc -c -g -O2  conftest.c >&5
configure:4672: $? = 0
configure:4679: test -z "$ac_c_werror_flag" || test ! -s conftest.err
configure:4682: $? = 0
configure:4689: test -s conftest.o
configure:4692: $? = 0
configure:4707: result: inline
configure:4734: checking for strcasecmp
configure:4790: gcc -o conftest -g -O2   conftest.c  >&5
conftest.c:48:6: warning: incompatible redeclaration of library function 'strcasecmp' [-Wincompatible-library-redeclaration]
char strcasecmp ();
     ^
conftest.c:48:6: note: 'strcasecmp' is a builtin with type 'int (const char *, const char *)'
1 warning generated.
configure:4796: $? = 0
configure:4803: test -z "$ac_c_werror_flag" || test ! -s conftest.err
configure:4806: $? = 0
configure:4813: test -s conftest
configure:4816: $? = 0
configure:4830: result: yes
configure:4734: checking for strchr
configure:4790: gcc -o conftest -g -O2   conftest.c  >&5
conftest.c:49:6: warning: incompatible redeclaration of library function 'strchr' [-Wincompatible-library-redeclaration]
char strchr ();
     ^
conftest.c:49:6: note: 'strchr' is a builtin with type 'char *(const char *, int)'
1 warning generated.
configure:4796: $? = 0
configure:4803: test -z "$ac_c_werror_flag" || test ! -s conftest.err
configure:4806: $? = 0
configure:4813: test -s conftest
configure:4816: $? = 0
configure:4830: result: yes
configure:4734: checking for strdup
configure:4790: gcc -o conftest -g -O2   conftest.c  >&5
conftest.c:50:6: warning: incompatible redeclaration of library function 'strdup' [-Wincompatible-library-redeclaration]
char strdup ();
     ^
conftest.c:50:6: note: 'strdup' is a builtin with type 'char *(const char *)'
1 warning generated.
configure:4796: $? = 0
configure:4803: test -z "$ac_c_werror_flag" || test ! -s conftest.err
configure:4806: $? = 0
configure:4813: test -s conftest
configure:4816: $? = 0
configure:4830: result: yes
configure:4957: creating ./config.status

## ---------------------- ##
## Running config.status. ##
## ---------------------- ##

This file was extended by tokenizer config.status 1.0, which was
generated by GNU Autoconf 2.60.  Invocation command line was

  CONFIG_FILES    = 
  CONFIG_HEADERS  = 
  CONFIG_LINKS    = 
  CONFIG_COMMANDS = 
  $ ./config.status 

on Rickys-MBP.T-mobile.com

config.status:623: creating Makefile
config.status:623: creating config.h
config.status:897: executing depfiles commands

## ---------------- ##
## Cache variables. ##
## ---------------- ##

ac_cv_c_compiler_gnu=yes
ac_cv_c_inline=inline
ac_cv_env_CC_set=
ac_cv_env_CC_value=
ac_cv_env_CFLAGS_set=
ac_cv_env_CFLAGS_value=
ac_cv_env_CPPFLAGS_set=
ac_cv_env_CPPFLAGS_value=
ac_cv_env_CPP_set=
ac_cv_env_CPP_value=
ac_cv_env_LDFLAGS_set=
ac_cv_env_LDFLAGS_value=
ac_cv_env_build_alias_set=
ac_cv_env_build_alias_value=
ac_cv_env_host_alias_set=
ac_cv_env_host_alias_value=
ac_cv_env_target_alias_set=
ac_cv_env_target_alias_value=
ac_cv_func_strcasecmp=yes
ac_cv_func_strchr=yes
ac_cv_func_strdup=yes
ac_cv_header_inttypes_h=yes
ac_cv_header_memory_h=yes
ac_cv_header_stdc=yes
ac_cv_header_stdint_h=yes
ac_cv_header_stdlib_h=yes
ac_cv_header_string_h=yes
ac_cv_header_strings_h=yes
ac_cv_header_sys_stat_h=yes
ac_cv_header_sys_types_h=yes
ac_cv_header_unistd_h=yes
ac_cv_lib_fl_main=no
ac_cv_lib_fl_yywrap=no
ac_cv_lib_l_yywrap=yes
ac_cv_objext=o
ac_cv_path_EGREP='/usr/bin/grep -E'
ac_cv_path_GREP=/usr/bin/grep
ac_cv_path_install='/usr/local/bin/ginstall -c'
ac_cv_prog_AWK=awk
ac_cv_prog_CPP='gcc -E'
ac_cv_prog_LEX=flex
ac_cv_prog_ac_ct_CC=gcc
ac_cv_prog_cc_c89=
ac_cv_prog_cc_g=yes
ac_cv_prog_lex_root=lex.yy
ac_cv_prog_lex_yytext_pointer=yes
ac_cv_prog_make_make_set=yes
am_cv_CC_dependencies_compiler_type=gcc3

## ----------------- ##
## Output variables. ##
## ----------------- ##

ACLOCAL='${SHELL} /Users/rickys/Dropbox/RadiationOncology/JR/ImmunotherapyReadability/scripts/tokenizer/missing --run aclocal-1.9'
AMDEPBACKSLASH='\'
AMDEP_FALSE='#'
AMDEP_TRUE=''
AMTAR='${SHELL} /Users/rickys/Dropbox/RadiationOncology/JR/ImmunotherapyReadability/scripts/tokenizer/missing --run tar'
AUTOCONF='${SHELL} /Users/rickys/Dropbox/RadiationOncology/JR/ImmunotherapyReadability/scripts/tokenizer/missing --run autoconf'
AUTOHEADER='${SHELL} /Users/rickys/Dropbox/RadiationOncology/JR/ImmunotherapyReadability/scripts/tokenizer/missing --run autoheader'
AUTOMAKE='${SHELL} /Users/rickys/Dropbox/RadiationOncology/JR/ImmunotherapyReadability/scripts/tokenizer/missing --run automake-1.9'
AWK='awk'
CC='gcc'
CCDEPMODE='depmode=gcc3'
CFLAGS='-g -O2'
CPP='gcc -E'
CPPFLAGS=''
CYGPATH_W='echo'
DEFS='-DHAVE_CONFIG_H'
DEPDIR='.deps'
ECHO_C='ECHO_N=''
ECHO_T=''
EGREP='/usr/bin/grep -E'
EXEEXT=''
GREP='/usr/bin/grep'
INSTALL_DATA='${INSTALL} -m 644'
INSTALL_PROGRAM='${INSTALL}'
INSTALL_SCRIPT='${INSTALL}'
INSTALL_STRIP_PROGRAM='${SHELL} $(install_sh) -c -s'
LDFLAGS=''
LEX='flex'
LEXLIB='-ll'
LEX_OUTPUT_ROOT='lex.yy'
LIBOBJS=''
LIBS=''
LTLIBOBJS=''
MAKEINFO='${SHELL} /Users/rickys/Dropbox/RadiationOncology/JR/ImmunotherapyReadability/scripts/tokenizer/missing --run makeinfo'
OBJEXT='o'
PACKAGE='tokenizer'
PACKAGE_BUGREPORT='wastl@cis.uni-muenchen.de'
PACKAGE_NAME='tokenizer'
PACKAGE_STRING='tokenizer 1.0'
PACKAGE_TARNAME='tokenizer'
PACKAGE_VERSION='1.0'
PATH_SEPARATOR=':'
SET_MAKE=''
SHELL='/bin/sh'
STRIP=''
VERSION='1.0'
ac_ct_CC='gcc'
am__fastdepCC_FALSE='#'
am__fastdepCC_TRUE=''
am__include='include'
am__leading_dot='.'
am__quote=''
am__tar='${AMTAR} chof - "$$tardir"'
am__untar='${AMTAR} xf -'
bindir='${exec_prefix}/bin'
build_alias=''
datadir='${datarootdir}'
datarootdir='${prefix}/share'
docdir='${datarootdir}/doc/${PACKAGE_TARNAME}'
dvidir='${docdir}'
exec_prefix='${prefix}'
host_alias=''
htmldir='${docdir}'
includedir='${prefix}/include'
infodir='${datarootdir}/info'
install_sh='/Users/rickys/Dropbox/RadiationOncology/JR/ImmunotherapyReadability/scripts/tokenizer/install-sh'
libdir='${exec_prefix}/lib'
libexecdir='${exec_prefix}/libexec'
localedir='${datarootdir}/locale'
localstatedir='${prefix}/var'
mandir='${datarootdir}/man'
mkdir_p='$(mkinstalldirs)'
oldincludedir='/usr/include'
pdfdir='${docdir}'
prefix='/usr/local'
program_transform_name='s,x,x,'
psdir='${docdir}'
sbindir='${exec_prefix}/sbin'
sharedstatedir='${prefix}/com'
sysconfdir='${prefix}/etc'
target_alias=''

## ----------- ##
## confdefs.h. ##
## ----------- ##

#define PACKAGE_NAME "tokenizer"
#define PACKAGE_TARNAME "tokenizer"
#define PACKAGE_VERSION "1.0"
#define PACKAGE_STRING "tokenizer 1.0"
#define PACKAGE_BUGREPORT "wastl@cis.uni-muenchen.de"
#define PACKAGE_AUTHOR "Sebastian Nagel"
#define PACKAGE "tokenizer"
#define VERSION "1.0"
#define YYTEXT_POINTER 1
#define STDC_HEADERS 1
#define HAVE_SYS_TYPES_H 1
#define HAVE_SYS_STAT_H 1
#define HAVE_STDLIB_H 1
#define HAVE_STRING_H 1
#define HAVE_MEMORY_H 1
#define HAVE_STRINGS_H 1
#define HAVE_INTTYPES_H 1
#define HAVE_STDINT_H 1
#define HAVE_UNISTD_H 1
#define HAVE_STDLIB_H 1
#define HAVE_STRING_H 1
#define HAVE_UNISTD_H 1
#define HAVE_STRCASECMP 1
#define HAVE_STRCHR 1
#define HAVE_STRDUP 1

configure: exit 0
